<?xml version="1.0" encoding="UTF-8"?>
<testsuite name="quotes.TestApp" tests="2" skipped="0" failures="0" errors="0" timestamp="2020-01-16T19:56:08" hostname="38f9d36a23ef.ant.amazon.com" time="0.07">
  <properties/>
  <testcase name="app_testGetRandomQuote" classname="quotes.TestApp" time="0.06"/>
  <testcase name="app_testReadQuote_ForAppropriateLength" classname="quotes.TestApp" time="0.01"/>
  <system-out><![CDATA[]]></system-out>
  <system-err><![CDATA[]]></system-err>
</testsuite>
